<?xml version="1.0" encoding="UTF-8"?>
<testsuite name="TestSuite" time="62.731" tests="1" errors="0" skipped="0" failures="1">
  <properties>
    <property name="java.runtime.name" value="Java(TM) SE Runtime Environment"/>
    <property name="sun.boot.library.path" value="C:\Java\jdk1.7.0_80\jre\bin"/>
    <property name="java.vm.version" value="24.80-b11"/>
    <property name="browser" value="chrome"/>
    <property name="url" value="https://www.amaysim.com.au/my-account/login"/>
    <property name="java.vm.vendor" value="Oracle Corporation"/>
    <property name="maven.multiModuleProjectDirectory" value="C:\Eclipse\Mars\${workspace_loc:\amaysim-automation}"/>
    <property name="java.vendor.url" value="http://java.oracle.com/"/>
    <property name="path.separator" value=";"/>
    <property name="guice.disable.misplaced.annotation.check" value="true"/>
    <property name="java.vm.name" value="Java HotSpot(TM) 64-Bit Server VM"/>
    <property name="file.encoding.pkg" value="sun.io"/>
    <property name="user.script" value=""/>
    <property name="user.country" value="US"/>
    <property name="sun.java.launcher" value="SUN_STANDARD"/>
    <property name="sun.os.patch.level" value="Service Pack 1"/>
    <property name="java.vm.specification.name" value="Java Virtual Machine Specification"/>
    <property name="user.dir" value="C:\Eclipse\Workspace\amaysim-automation"/>
    <property name="java.runtime.version" value="1.7.0_80-b15"/>
    <property name="java.awt.graphicsenv" value="sun.awt.Win32GraphicsEnvironment"/>
    <property name="java.endorsed.dirs" value="C:\Java\jdk1.7.0_80\jre\lib\endorsed"/>
    <property name="os.arch" value="amd64"/>
    <property name="java.io.tmpdir" value="C:\Users\KURTMA~1\AppData\Local\Temp\"/>
    <property name="line.separator" value="&#10;"/>
    <property name="java.vm.specification.vendor" value="Oracle Corporation"/>
    <property name="user.variant" value=""/>
    <property name="os.name" value="Windows 7"/>
    <property name="classworlds.conf" value="C:\Eclipse\Workspace\.metadata\.plugins\org.eclipse.m2e.launching\launches\m2conf5187402090699671455.tmp"/>
    <property name="sun.jnu.encoding" value="Cp1252"/>
    <property name="java.library.path" value="C:\Java\jdk1.7.0_80\bin;C:\Windows\Sun\Java\bin;C:\Windows\system32;C:\Windows;C:\Windows\system32;C:\Windows;C:\Windows\System32\Wbem;C:\Windows\System32\WindowsPowerShell\v1.0\;C:\Program Files (x86)\Microsoft SQL Server\100\Tools\Binn\;C:\Program Files\Microsoft SQL Server\100\Tools\Binn\;C:\Program Files\Microsoft SQL Server\100\DTS\Binn\;C:\Program Files (x86)\Microsoft SQL Server\100\Tools\Binn\VSShell\Common7\IDE\;C:\Program Files (x86)\Microsoft Visual Studio 9.0\Common7\IDE\PrivateAssemblies\;C:\Program Files (x86)\Microsoft SQL Server\100\DTS\Binn\;C:\Program Files (x86)\AMD\ATI.ACE\Core-Static;C:\Java\jdk1.7.0_80\bin;C:\Program Files (x86)\Skype\Phone\;C:\Maven\bin;C:\Program Files\Git\cmd;."/>
    <property name="java.specification.name" value="Java Platform API Specification"/>
    <property name="java.class.version" value="51.0"/>
    <property name="sun.management.compiler" value="HotSpot 64-Bit Tiered Compilers"/>
    <property name="os.version" value="6.1"/>
    <property name="user.home" value="C:\Users\kurtmartinez"/>
    <property name="user.timezone" value="Asia/Shanghai"/>
    <property name="java.awt.printerjob" value="sun.awt.windows.WPrinterJob"/>
    <property name="java.specification.version" value="1.7"/>
    <property name="file.encoding" value="Cp1252"/>
    <property name="password" value="theHoff34"/>
    <property name="user.name" value="kurtmartinez"/>
    <property name="java.class.path" value="C:\Maven\boot\plexus-classworlds-2.5.2.jar"/>
    <property name="username" value="0468827174"/>
    <property name="java.vm.specification.version" value="1.7"/>
    <property name="sun.arch.data.model" value="64"/>
    <property name="java.home" value="C:\Java\jdk1.7.0_80\jre"/>
    <property name="sun.java.command" value="org.codehaus.plexus.classworlds.launcher.Launcher -B -s C:\Maven\conf\settings.xml -U clean install -DsuiteFile=my_settings.xml -Dbrowser=chrome -Dusername=0468827174 -Dpassword=theHoff34 -Durl=https://www.amaysim.com.au/my-account/login"/>
    <property name="java.specification.vendor" value="Oracle Corporation"/>
    <property name="user.language" value="en"/>
    <property name="awt.toolkit" value="sun.awt.windows.WToolkit"/>
    <property name="java.vm.info" value="mixed mode"/>
    <property name="java.version" value="1.7.0_80"/>
    <property name="java.ext.dirs" value="C:\Java\jdk1.7.0_80\jre\lib\ext;C:\Windows\Sun\Java\lib\ext"/>
    <property name="sun.boot.class.path" value="C:\Java\jdk1.7.0_80\jre\lib\resources.jar;C:\Java\jdk1.7.0_80\jre\lib\rt.jar;C:\Java\jdk1.7.0_80\jre\lib\sunrsasign.jar;C:\Java\jdk1.7.0_80\jre\lib\jsse.jar;C:\Java\jdk1.7.0_80\jre\lib\jce.jar;C:\Java\jdk1.7.0_80\jre\lib\charsets.jar;C:\Java\jdk1.7.0_80\jre\lib\jfr.jar;C:\Java\jdk1.7.0_80\jre\classes"/>
    <property name="java.vendor" value="Oracle Corporation"/>
    <property name="maven.home" value="C:\Maven"/>
    <property name="file.separator" value="\"/>
    <property name="java.vendor.url.bug" value="http://bugreport.sun.com/bugreport/"/>
    <property name="sun.cpu.endian" value="little"/>
    <property name="sun.io.unicode.encoding" value="UnicodeLittle"/>
    <property name="suiteFile" value="my_settings.xml"/>
    <property name="sun.desktop" value="windows"/>
    <property name="sun.cpu.isalist" value="amd64"/>
  </properties>
  <testcase name="feature" classname="com.kfm.amaysim_demo.scripts.my_amaysim.my_settings.TestMySettings" time="62.731">
    <failure message="java.lang.AssertionError: Expected: [true] is not equal to Actual: [false]" type="cucumber.runtime.CucumberException"><![CDATA[cucumber.runtime.CucumberException: java.lang.AssertionError: Expected: [true] is not equal to Actual: [false]
	at cucumber.api.testng.TestNGCucumberRunner.runCucumber(TestNGCucumberRunner.java:69)
	at cucumber.api.testng.AbstractTestNGCucumberTests.feature(AbstractTestNGCucumberTests.java:21)
	at sun.reflect.NativeMethodAccessorImpl.invoke0(Native Method)
	at sun.reflect.NativeMethodAccessorImpl.invoke(NativeMethodAccessorImpl.java:57)
	at sun.reflect.DelegatingMethodAccessorImpl.invoke(DelegatingMethodAccessorImpl.java:43)
	at java.lang.reflect.Method.invoke(Method.java:606)
	at org.testng.internal.MethodInvocationHelper.invokeMethod(MethodInvocationHelper.java:84)
	at org.testng.internal.Invoker.invokeMethod(Invoker.java:714)
	at org.testng.internal.Invoker.invokeTestMethod(Invoker.java:901)
	at org.testng.internal.Invoker.invokeTestMethods(Invoker.java:1231)
	at org.testng.internal.TestMethodWorker.invokeTestMethods(TestMethodWorker.java:127)
	at org.testng.internal.TestMethodWorker.run(TestMethodWorker.java:111)
	at org.testng.TestRunner.privateRun(TestRunner.java:767)
	at org.testng.TestRunner.run(TestRunner.java:617)
	at org.testng.SuiteRunner.runTest(SuiteRunner.java:348)
	at org.testng.SuiteRunner.runSequentially(SuiteRunner.java:343)
	at org.testng.SuiteRunner.privateRun(SuiteRunner.java:305)
	at org.testng.SuiteRunner.run(SuiteRunner.java:254)
	at org.testng.SuiteRunnerWorker.runSuite(SuiteRunnerWorker.java:52)
	at org.testng.SuiteRunnerWorker.run(SuiteRunnerWorker.java:86)
	at org.testng.TestNG.runSuitesSequentially(TestNG.java:1224)
	at org.testng.TestNG.runSuitesLocally(TestNG.java:1149)
	at org.testng.TestNG.run(TestNG.java:1057)
	at org.apache.maven.surefire.testng.TestNGExecutor.run(TestNGExecutor.java:295)
	at org.apache.maven.surefire.testng.TestNGXmlTestSuite.execute(TestNGXmlTestSuite.java:84)
	at org.apache.maven.surefire.testng.TestNGProvider.invoke(TestNGProvider.java:90)
	at org.apache.maven.surefire.booter.ForkedBooter.invokeProviderInSameClassLoader(ForkedBooter.java:203)
	at org.apache.maven.surefire.booter.ForkedBooter.runSuitesInProcess(ForkedBooter.java:155)
	at org.apache.maven.surefire.booter.ForkedBooter.main(ForkedBooter.java:103)
Caused by: java.lang.AssertionError: Expected: [true] is not equal to Actual: [false]
	at org.testng.Assert.fail(Assert.java:94)
	at com.kfm.amaysim_demo.exceptions.AutomationFrameworkException.<init>(AutomationFrameworkException.java:11)
	at com.kfm.amaysim_demo.utilities.PageUtility.assertEquals(PageUtility.java:155)
	at com.kfm.amaysim_demo.utilities.VerificationUtility.assertEquals(VerificationUtility.java:75)
	at com.kfm.amaysim_demo.base.BaseTest.assertEquals(BaseTest.java:148)
	at com.kfm.amaysim_demo.scripts.my_amaysim.my_settings.MS008_Auto_Recharge.theStateShouldBeWhateverItIsInIfDisabledItShouldBeOnNeIfNotThenOnYes(MS008_Auto_Recharge.java:62)
	at âœ½.Then the state should be whatever it is in. (if disabled, it should be on No, if not, then on Yes)(ms008_auto_recharge.feature:34)
]]></failure>
    <system-out><![CDATA[@my_settings @ms008
Feature: MS008 - My Settings - Auto Recharge

  @ms008_01
  Scenario Outline: The user edits his/her Auto Recharge settings                      &amp#27;[90m# ms008_auto_recharge.feature:10&amp#27;[0m
    &amp#27;[36mAnd &amp#27;[0m&amp#27;[36mthe user changes "<balance_limit>" and "<recharge_sim>"&amp#27;[0m
    &amp#27;[36mThen &amp#27;[0m&amp#27;[36mthe Auto-Recharge should be updated to "<balance_limit>" and "<recharge_sim>"&amp#27;[0m

    Examples: 

  Background:                                                                             &amp#27;[90m# ms008_auto_recharge.feature:4&amp#27;[0m
    &amp#27;[32mGiven &amp#27;[0m&amp#27;[32mthat the user wants to check out his Auto Recharge settings in My Settings menu&amp#27;[0m &amp#27;[90m# MS008_Auto_Recharge.thatTheUserWantsToCheckOutHisAutoRechargeSettingsInMySettingsMenu()&amp#27;[0m
    &amp#27;[32mWhen &amp#27;[0m&amp#27;[32mthe user clicks on edit Auto-Recharge&amp#27;[0m                                            &amp#27;[90m# MS008_Auto_Recharge.theUserClicksOnEditAutoRecharge()&amp#27;[0m

  @ms008 @ms008_01 @my_settings
  Scenario Outline: The user edits his/her Auto Recharge settings &amp#27;[90m# ms008_auto_recharge.feature:17&amp#27;[0m
    &amp#27;[32mAnd &amp#27;[0m&amp#27;[32mthe user changes "&amp#27;[0m&amp#27;[32m&amp#27;[1m$10&amp#27;[0m&amp#27;[32m" and "&amp#27;[0m&amp#27;[32m&amp#27;[1m$50&amp#27;[0m&amp#27;[32m"&amp#27;[0m                          &amp#27;[90m# MS008_Auto_Recharge.theUserChangesAnd(String,String)&amp#27;[0m
    &amp#27;[32mThen &amp#27;[0m&amp#27;[32mthe Auto-Recharge should be updated to "&amp#27;[0m&amp#27;[32m&amp#27;[1m$10&amp#27;[0m&amp#27;[32m" and "&amp#27;[0m&amp#27;[32m&amp#27;[1m$50&amp#27;[0m&amp#27;[32m"&amp#27;[0m   &amp#27;[90m# MS008_Auto_Recharge.theAutoRechargeShouldBeUpdatedToAnd(String,String)&amp#27;[0m

  Background:                                                                             &amp#27;[90m# ms008_auto_recharge.feature:4&amp#27;[0m
    &amp#27;[32mGiven &amp#27;[0m&amp#27;[32mthat the user wants to check out his Auto Recharge settings in My Settings menu&amp#27;[0m &amp#27;[90m# MS008_Auto_Recharge.thatTheUserWantsToCheckOutHisAutoRechargeSettingsInMySettingsMenu()&amp#27;[0m
    &amp#27;[32mWhen &amp#27;[0m&amp#27;[32mthe user clicks on edit Auto-Recharge&amp#27;[0m                                            &amp#27;[90m# MS008_Auto_Recharge.theUserClicksOnEditAutoRecharge()&amp#27;[0m

  @ms008_02
  Scenario: The user disables his/her Auto Recharge settings &amp#27;[90m# ms008_auto_recharge.feature:20&amp#27;[0m
    &amp#27;[32mAnd &amp#27;[0m&amp#27;[32mthe user clicks on "&amp#27;[0m&amp#27;[32m&amp#27;[1mNo&amp#27;[0m&amp#27;[32m"&amp#27;[0m                              &amp#27;[90m# MS008_Auto_Recharge.theUserClicksOn(String)&amp#27;[0m
    &amp#27;[32mThen &amp#27;[0m&amp#27;[32mthe Auto-Recharge should be disabled&amp#27;[0m                &amp#27;[90m# MS008_Auto_Recharge.theAutoRechargeShouldBeDisabled()&amp#27;[0m

  Background:                                                                             &amp#27;[90m# ms008_auto_recharge.feature:4&amp#27;[0m
    &amp#27;[32mGiven &amp#27;[0m&amp#27;[32mthat the user wants to check out his Auto Recharge settings in My Settings menu&amp#27;[0m &amp#27;[90m# MS008_Auto_Recharge.thatTheUserWantsToCheckOutHisAutoRechargeSettingsInMySettingsMenu()&amp#27;[0m
    &amp#27;[32mWhen &amp#27;[0m&amp#27;[32mthe user clicks on edit Auto-Recharge&amp#27;[0m                                            &amp#27;[90m# MS008_Auto_Recharge.theUserClicksOnEditAutoRecharge()&amp#27;[0m

  ##
  # Bugs:
  #
  # 1. When Auto Recharge is disabled (No) when clicking on edit
  #    link text, it is set to 'Yes' as default
  ##
  @ms008_03
  Scenario: The user plans to edit his/her Auto Recharge settings then changes his/her mind            &amp#27;[90m# ms008_auto_recharge.feature:32&amp#27;[0m
    &amp#27;[31mThen &amp#27;[0m&amp#27;[31mthe state should be whatever it is in. (if disabled, it should be on No, if not, then on Yes)&amp#27;[0m &amp#27;[90m# MS008_Auto_Recharge.theStateShouldBeWhateverItIsInIfDisabledItShouldBeOnNeIfNotThenOnYes()&amp#27;[0m
      &amp#27;[31mjava.lang.AssertionError: Expected: [true] is not equal to Actual: [false]
      	at org.testng.Assert.fail(Assert.java:94)
      	at com.kfm.amaysim_demo.exceptions.AutomationFrameworkException.<init>(AutomationFrameworkException.java:11)
      	at com.kfm.amaysim_demo.utilities.PageUtility.assertEquals(PageUtility.java:155)
      	at com.kfm.amaysim_demo.utilities.VerificationUtility.assertEquals(VerificationUtility.java:75)
      	at com.kfm.amaysim_demo.base.BaseTest.assertEquals(BaseTest.java:148)
      	at com.kfm.amaysim_demo.scripts.my_amaysim.my_settings.MS008_Auto_Recharge.theStateShouldBeWhateverItIsInIfDisabledItShouldBeOnNeIfNotThenOnYes(MS008_Auto_Recharge.java:62)
      	at ?.Then the state should be whatever it is in. (if disabled, it should be on No, if not, then on Yes)(ms008_auto_recharge.feature:34)
      &amp#27;[0m

  Background:                                                                             &amp#27;[90m# ms008_auto_recharge.feature:4&amp#27;[0m
    &amp#27;[32mGiven &amp#27;[0m&amp#27;[32mthat the user wants to check out his Auto Recharge settings in My Settings menu&amp#27;[0m &amp#27;[90m# MS008_Auto_Recharge.thatTheUserWantsToCheckOutHisAutoRechargeSettingsInMySettingsMenu()&amp#27;[0m
    &amp#27;[32mWhen &amp#27;[0m&amp#27;[32mthe user clicks on edit Auto-Recharge&amp#27;[0m                                            &amp#27;[90m# MS008_Auto_Recharge.theUserClicksOnEditAutoRecharge()&amp#27;[0m

  @ms008_04
  Scenario: The user cancels Auto-Recharge settings edit   &amp#27;[90m# ms008_auto_recharge.feature:37&amp#27;[0m
    &amp#27;[32mAnd &amp#27;[0m&amp#27;[32mclicks on cancel button&amp#27;[0m                            &amp#27;[90m# MS008_Auto_Recharge.clicksOnCancelButton()&amp#27;[0m
    &amp#27;[32mThen &amp#27;[0m&amp#27;[32mthe user should be redirected to My Settings menu&amp#27;[0m &amp#27;[90m# MS008_Auto_Recharge.theUserShouldBeRedirectedToMySettingsMenu()&amp#27;[0m
]]></system-out>
    <system-err><![CDATA[Starting ChromeDriver 2.27.440174 (e97a722caafc2d3a8b807ee115bfb307f7d2cfd9) on port 46801
Only local connections are allowed.
]]></system-err>
  </testcase>
</testsuite>